app/build/intermediates/manifest_merge_blame_file/debug/manifest-merger-blame-debug-report.txt
1<?xml version="1.0" encoding="utf-8"?>
2<manifest xmlns:android="http://schemas.android.com/apk/res/android"
3    package="com.HBuilder.integrate"
4    android:versionCode="1"
5    android:versionName="1.0" >
6
7    <uses-sdk
8        android:minSdkVersion="14"
8-->src/main/AndroidManifest.xml
9        android:targetSdkVersion="21" />
9-->src/main/AndroidManifest.xml
10
11    <supports-screens
11-->src/main/AndroidManifest.xml:5:5-10:39
12        android:anyDensity="true"
12-->src/main/AndroidManifest.xml:6:9-34
13        android:largeScreens="true"
13-->src/main/AndroidManifest.xml:7:9-36
14        android:normalScreens="true"
14-->src/main/AndroidManifest.xml:8:9-37
15        android:resizeable="true"
15-->src/main/AndroidManifest.xml:9:9-34
16        android:smallScreens="true" />
16-->src/main/AndroidManifest.xml:10:9-36
17
18    <!-- Barcode(二维码)  begin -->
19    <uses-permission android:name="android.permission.CAMERA" />
19-->src/main/AndroidManifest.xml:13:5-65
19-->src/main/AndroidManifest.xml:13:22-62
20    <uses-permission android:name="android.permission.WRITE_EXTERNAL_STORAGE" />
20-->src/main/AndroidManifest.xml:14:5-81
20-->src/main/AndroidManifest.xml:14:22-78
21
22    <uses-feature android:name="android.hardware.camera" />
22-->src/main/AndroidManifest.xml:16:5-60
22-->src/main/AndroidManifest.xml:16:19-57
23    <uses-feature android:name="android.hardware.camera.autofocus" />
23-->src/main/AndroidManifest.xml:17:5-70
23-->src/main/AndroidManifest.xml:17:19-67
24
25    <uses-permission android:name="android.permission.VIBRATE" />
25-->src/main/AndroidManifest.xml:19:5-66
25-->src/main/AndroidManifest.xml:19:22-63
26    <uses-permission android:name="android.permission.FLASHLIGHT" />
26-->src/main/AndroidManifest.xml:20:5-69
26-->src/main/AndroidManifest.xml:20:22-66
27    <!-- Barcode(二维码)  end -->
28
29
30    <!-- Maps(地图) begin -->
31    <!-- Maps - 百度地图 begin -->
32    <uses-permission android:name="android.permission.INTERNET" />
32-->src/main/AndroidManifest.xml:26:5-67
32-->src/main/AndroidManifest.xml:26:22-64
33    <uses-permission android:name="android.permission.WRITE_EXTERNAL_STORAGE" />
33-->src/main/AndroidManifest.xml:14:5-81
33-->src/main/AndroidManifest.xml:14:22-78
34    <uses-permission android:name="android.permission.ACCESS_COARSE_LOCATION" />
34-->src/main/AndroidManifest.xml:28:5-81
34-->src/main/AndroidManifest.xml:28:22-78
35    <uses-permission android:name="android.permission.ACCESS_FINE_LOCATION" />
35-->src/main/AndroidManifest.xml:29:5-79
35-->src/main/AndroidManifest.xml:29:22-76
36    <uses-permission android:name="android.permission.WRITE_SETTINGS" />
36-->src/main/AndroidManifest.xml:30:5-73
36-->src/main/AndroidManifest.xml:30:22-70
37    <uses-permission android:name="android.permission.ACCESS_NETWORK_STATE" />
37-->src/main/AndroidManifest.xml:31:5-79
37-->src/main/AndroidManifest.xml:31:22-76
38    <uses-permission android:name="android.permission.CHANGE_WIFI_STATE" />
38-->src/main/AndroidManifest.xml:32:5-76
38-->src/main/AndroidManifest.xml:32:22-73
39    <uses-permission android:name="android.permission.READ_PHONE_STATE" />
39-->src/main/AndroidManifest.xml:33:5-75
39-->src/main/AndroidManifest.xml:33:22-72
40    <uses-permission android:name="android.permission.MOUNT_UNMOUNT_FILESYSTEMS" />
40-->src/main/AndroidManifest.xml:34:5-84
40-->src/main/AndroidManifest.xml:34:22-81
41    <uses-permission android:name="android.permission.READ_LOGS" />
41-->src/main/AndroidManifest.xml:35:5-68
41-->src/main/AndroidManifest.xml:35:22-65
42    <!-- Maps(地图) end -->
43
44
45    <!-- Push(推送)只能选择一个推送组件 -->
46    <!-- Push(推送)-MKeyPush begin -->
47    <!--
48    <uses-permission android:name="android.permission.INTERNET"/>
49    <uses-permission android:name="android.permission.ACCESS_WIFI_STATE"/>
50    <uses-permission android:name="android.permission.ACCESS_NETWORK_STATE"/>
51    <uses-permission android:name="android.permission.READ_PHONE_STATE"/>
52    -->
53    <!-- Push(推送)-MKeyPush  end -->
54
55
56    <!-- 小米推送 -->
57    <!--
58    <uses-permission android:name="android.permission.INTERNET"/>
59    <uses-permission android:name="android.permission.ACCESS_NETWORK_STATE"/>
60    <uses-permission android:name="android.permission.ACCESS_WIFI_STATE"/>
61    <uses-permission android:name="android.permission.READ_PHONE_STATE"/>
62    <uses-permission android:name="android.permission.GET_TASKS"/>
63    <uses-permission android:name="android.permission.VIBRATE"/>
64    <uses-permission android:name="android.permission.GET_TASKS"/>
65    <uses-permission android:name="android.permission.INTERACT_ACROSS_USERS_FULL"/>
66    <uses-permission android:name="android.permission.GET_TOP_ACTIVITY_INFO"/>
67    <uses-permission android:name="com.HBuilder.integrate.permission.MIPUSH_RECEIVE"/>
68    <permission android:name="com.HBuilder.integrate.permission.MIPUSH_RECEIVE" android:protectionLevel="signature"/>
69    -->
70    <!-- 小米推送 end -->
71
72
73    <!-- Push(推送)-个推  begin -->
74    <uses-permission android:name="android.permission.INTERNET" />
74-->src/main/AndroidManifest.xml:26:5-67
74-->src/main/AndroidManifest.xml:26:22-64
75    <uses-permission android:name="android.permission.READ_PHONE_STATE" />
75-->src/main/AndroidManifest.xml:33:5-75
75-->src/main/AndroidManifest.xml:33:22-72
76    <uses-permission android:name="android.permission.ACCESS_NETWORK_STATE" />
76-->src/main/AndroidManifest.xml:31:5-79
76-->src/main/AndroidManifest.xml:31:22-76
77    <uses-permission android:name="android.permission.WAKE_LOCK" />
77-->src/main/AndroidManifest.xml:71:5-68
77-->src/main/AndroidManifest.xml:71:22-65
78    <uses-permission android:name="android.permission.RECEIVE_BOOT_COMPLETED" />
78-->src/main/AndroidManifest.xml:72:5-81
78-->src/main/AndroidManifest.xml:72:22-78
79    <uses-permission android:name="android.permission.WRITE_EXTERNAL_STORAGE" />
79-->src/main/AndroidManifest.xml:14:5-81
79-->src/main/AndroidManifest.xml:14:22-78
80    <uses-permission android:name="android.permission.VIBRATE" />
80-->src/main/AndroidManifest.xml:19:5-66
80-->src/main/AndroidManifest.xml:19:22-63
81    <uses-permission android:name="android.permission.ACCESS_WIFI_STATE" />
81-->src/main/AndroidManifest.xml:75:5-76
81-->src/main/AndroidManifest.xml:75:22-73
82    <uses-permission android:name="android.permission.CALL_PHONE" />
82-->src/main/AndroidManifest.xml:76:5-69
82-->src/main/AndroidManifest.xml:76:22-66
83    <uses-permission android:name="getui.permission.GetuiService.com.HBuilder.integrate" />
83-->src/main/AndroidManifest.xml:77:5-92
83-->src/main/AndroidManifest.xml:77:22-89
84
85    <permission
85-->src/main/AndroidManifest.xml:79:5-81:44
86        android:name="getui.permission.GetuiService.com.HBuilder.integrate"
86-->src/main/AndroidManifest.xml:80:9-76
87        android:protectionLevel="normal" />
87-->src/main/AndroidManifest.xml:81:9-41
88    <!-- Push(推送)-个推    end -->
89
90
91    <!-- Share(分享)  begin -->
92    <!-- Share - 新浪微博分享 -->
93    <uses-permission android:name="android.permission.CHANGE_WIFI_STATE" />
93-->src/main/AndroidManifest.xml:32:5-76
93-->src/main/AndroidManifest.xml:32:22-73
94    <uses-permission android:name="android.permission.ACCESS_WIFI_STATE" />
94-->src/main/AndroidManifest.xml:75:5-76
94-->src/main/AndroidManifest.xml:75:22-73
95    <uses-permission android:name="android.permission.ACCESS_NETWORK_STATE" />
95-->src/main/AndroidManifest.xml:31:5-79
95-->src/main/AndroidManifest.xml:31:22-76
96    <!-- Share - 腾讯微博分享 -->
97    <uses-permission android:name="android.permission.ACCESS_NETWORK_STATE" />
97-->src/main/AndroidManifest.xml:31:5-79
97-->src/main/AndroidManifest.xml:31:22-76
98    <uses-permission android:name="android.permission.ACCESS_WIFI_STATE" />
98-->src/main/AndroidManifest.xml:75:5-76
98-->src/main/AndroidManifest.xml:75:22-73
99    <uses-permission android:name="android.permission.CHANGE_WIFI_STATE" />
99-->src/main/AndroidManifest.xml:32:5-76
99-->src/main/AndroidManifest.xml:32:22-73
100    <uses-permission android:name="android.permission.ACCESS_COARSE_LOCATION" />
100-->src/main/AndroidManifest.xml:28:5-81
100-->src/main/AndroidManifest.xml:28:22-78
101    <uses-permission android:name="android.permission.ACCESS_FINE_LOCATION" />
101-->src/main/AndroidManifest.xml:29:5-79
101-->src/main/AndroidManifest.xml:29:22-76
102    <uses-permission android:name="android.permission.ACCESS_MOCK_LOCATION" />
102-->src/main/AndroidManifest.xml:96:5-79
102-->src/main/AndroidManifest.xml:96:22-76
103    <!-- Share - 微信分享 -->
104    <uses-permission android:name="android.permission.MODIFY_AUDIO_SETTINGS" />
104-->src/main/AndroidManifest.xml:98:5-80
104-->src/main/AndroidManifest.xml:98:22-77
105    <!-- Push(推送)   end -->
106
107
108    <!-- Speech(语音识别)  begin -->
109    <!-- Speech - 讯飞语音云 -->
110    <uses-permission android:name="android.permission.INTERNET" />
110-->src/main/AndroidManifest.xml:26:5-67
110-->src/main/AndroidManifest.xml:26:22-64
111    <uses-permission android:name="android.permission.WRITE_EXTERNAL_STORAGE" />
111-->src/main/AndroidManifest.xml:14:5-81
111-->src/main/AndroidManifest.xml:14:22-78
112    <uses-permission android:name="android.permission.RECORD_AUDIO" />
112-->src/main/AndroidManifest.xml:106:5-71
112-->src/main/AndroidManifest.xml:106:22-68
113    <uses-permission android:name="android.permission.ACCESS_NETWORK_STATE" />
113-->src/main/AndroidManifest.xml:31:5-79
113-->src/main/AndroidManifest.xml:31:22-76
114    <uses-permission android:name="android.permission.ACCESS_WIFI_STATE" />
114-->src/main/AndroidManifest.xml:75:5-76
114-->src/main/AndroidManifest.xml:75:22-73
115    <uses-permission android:name="android.permission.CHANGE_NETWORK_STATE" />
115-->src/main/AndroidManifest.xml:109:5-79
115-->src/main/AndroidManifest.xml:109:22-76
116    <uses-permission android:name="android.permission.READ_PHONE_STATE" />
116-->src/main/AndroidManifest.xml:33:5-75
116-->src/main/AndroidManifest.xml:33:22-72
117    <!-- Speech(语音识别)  end -->
118
119
120    <!-- Statistic(统计)  begin -->
121    <!-- Statistic - 友盟统计 -->
122    <uses-permission android:name="android.permission.READ_LOGS" />
122-->src/main/AndroidManifest.xml:35:5-68
122-->src/main/AndroidManifest.xml:35:22-65
123    <uses-permission android:name="android.permission.RECEIVE_BOOT_COMPLETED" />
123-->src/main/AndroidManifest.xml:72:5-81
123-->src/main/AndroidManifest.xml:72:22-78
124    <uses-permission android:name="android.permission.RECEIVE_USER_PRESENT" />
124-->src/main/AndroidManifest.xml:118:5-79
124-->src/main/AndroidManifest.xml:118:22-76
125    <!-- Statistic(统计)  end -->
126
127
128    <!-- 小米分享 -->
129    <uses-permission android:name="com.xiaomi.permission.AUTH_SERVICE" />
129-->src/main/AndroidManifest.xml:123:5-74
129-->src/main/AndroidManifest.xml:123:22-71
130    <uses-permission android:name="android.permission.GET_TASKS" />
130-->[:lib.5plus.base-release:] AndroidManifest.xml:19:5-68
130-->[:lib.5plus.base-release:] AndroidManifest.xml:19:22-65
131    <uses-permission android:name="android.permission.READ_CONTACTS" />
131-->[:lib.5plus.base-release:] AndroidManifest.xml:21:5-72
131-->[:lib.5plus.base-release:] AndroidManifest.xml:21:22-69
132    <uses-permission android:name="android.permission.WRITE_CONTACTS" />
132-->[:lib.5plus.base-release:] AndroidManifest.xml:26:5-73
132-->[:lib.5plus.base-release:] AndroidManifest.xml:26:22-70
133    <uses-permission android:name="com.android.launcher.permission.UNINSTALL_SHORTCUT" />
133-->[:lib.5plus.base-release:] AndroidManifest.xml:28:5-90
133-->[:lib.5plus.base-release:] AndroidManifest.xml:28:22-87
134    <uses-permission android:name="android.permission.GET_ACCOUNTS" />
134-->[:lib.5plus.base-release:] AndroidManifest.xml:30:5-71
134-->[:lib.5plus.base-release:] AndroidManifest.xml:30:22-68
135    <uses-permission android:name="com.android.launcher.permission.INSTALL_SHORTCUT" />
135-->[:lib.5plus.base-release:] AndroidManifest.xml:32:5-88
135-->[:lib.5plus.base-release:] AndroidManifest.xml:32:22-85
136    <uses-permission android:name="android.permission.SEND_SMS" />
136-->[:lib.5plus.base-release:] AndroidManifest.xml:33:5-67
136-->[:lib.5plus.base-release:] AndroidManifest.xml:33:22-64
137    <uses-permission android:name="android.permission.WRITE_SMS" />
137-->[:lib.5plus.base-release:] AndroidManifest.xml:40:5-68
137-->[:lib.5plus.base-release:] AndroidManifest.xml:40:22-65
138    <uses-permission android:name="android.permission.READ_SMS" />
138-->[:lib.5plus.base-release:] AndroidManifest.xml:41:5-67
138-->[:lib.5plus.base-release:] AndroidManifest.xml:41:22-64
139    <uses-permission android:name="com.android.launcher.permission.INSTALL_SHORTCUT" />
139-->[:lib.5plus.base-release:] AndroidManifest.xml:32:5-88
139-->[:lib.5plus.base-release:] AndroidManifest.xml:32:22-85
140    <uses-permission android:name="com.android.launcher.permission.UNINSTALL_SHORTCUT" />
140-->[:lib.5plus.base-release:] AndroidManifest.xml:28:5-90
140-->[:lib.5plus.base-release:] AndroidManifest.xml:28:22-87
141    <uses-permission android:name="com.android.launcher.permission.READ_SETTINGS" />
141-->[:lib.5plus.base-release:] AndroidManifest.xml:44:5-85
141-->[:lib.5plus.base-release:] AndroidManifest.xml:44:22-82
142    <uses-permission android:name="com.android.launcher2.permission.READ_SETTINGS" />
142-->[:lib.5plus.base-release:] AndroidManifest.xml:45:5-86
142-->[:lib.5plus.base-release:] AndroidManifest.xml:45:22-83
143    <uses-permission android:name="com.android.launcher3.permission.READ_SETTINGS" />
143-->[:lib.5plus.base-release:] AndroidManifest.xml:46:5-86
143-->[:lib.5plus.base-release:] AndroidManifest.xml:46:22-83
144    <uses-permission android:name="com.yulong.android.launcherL.permission.READ_SETTINGS" />
144-->[:lib.5plus.base-release:] AndroidManifest.xml:47:5-93
144-->[:lib.5plus.base-release:] AndroidManifest.xml:47:22-90
145    <uses-permission android:name="com.meizu.flyme.launcher.permission.READ_SETTINGS" />
145-->[:lib.5plus.base-release:] AndroidManifest.xml:48:5-89
145-->[:lib.5plus.base-release:] AndroidManifest.xml:48:22-86
146    <uses-permission android:name="com.bbk.launcher2.permission.READ_SETTINGS" />
146-->[:lib.5plus.base-release:] AndroidManifest.xml:49:5-82
146-->[:lib.5plus.base-release:] AndroidManifest.xml:49:22-79
147    <uses-permission android:name="com.oppo.launcher.permission.READ_SETTINGS" />
147-->[:lib.5plus.base-release:] AndroidManifest.xml:50:5-82
147-->[:lib.5plus.base-release:] AndroidManifest.xml:50:22-79
148    <uses-permission android:name="com.htc.launcher.permission.READ_SETTINGS" />
148-->[:lib.5plus.base-release:] AndroidManifest.xml:51:5-81
148-->[:lib.5plus.base-release:] AndroidManifest.xml:51:22-78
149    <uses-permission android:name="com.qiku.launcher.permission.READ_SETTINGS" />
149-->[:lib.5plus.base-release:] AndroidManifest.xml:52:5-82
149-->[:lib.5plus.base-release:] AndroidManifest.xml:52:22-79
150    <uses-permission android:name="com.huawei.android.launcher.permission.READ_SETTINGS" />
150-->[:lib.5plus.base-release:] AndroidManifest.xml:53:5-92
150-->[:lib.5plus.base-release:] AndroidManifest.xml:53:22-89
151    <uses-permission android:name="com.zte.mifavor.launcher.permission.READ_SETTINGS" />
151-->[:lib.5plus.base-release:] AndroidManifest.xml:54:5-89
151-->[:lib.5plus.base-release:] AndroidManifest.xml:54:22-86
152    <uses-permission android:name="com.lenovo.launcher.permission.READ_SETTINGS" />
152-->[:lib.5plus.base-release:] AndroidManifest.xml:55:5-84
152-->[:lib.5plus.base-release:] AndroidManifest.xml:55:22-81
153    <uses-permission android:name="com.google.android.launcher.permission.READ_SETTINGS" />
153-->[:lib.5plus.base-release:] AndroidManifest.xml:56:5-92
153-->[:lib.5plus.base-release:] AndroidManifest.xml:56:22-89
154    <uses-permission android:name="com.yulong.android.launcher3.READ_SETTINGS" />
154-->[:lib.5plus.base-release:] AndroidManifest.xml:57:5-82
154-->[:lib.5plus.base-release:] AndroidManifest.xml:57:22-79
155    <uses-permission android:name="org.adw.launcher.permission.READ_SETTINGS" />
155-->[:lib.5plus.base-release:] AndroidManifest.xml:58:5-81
155-->[:lib.5plus.base-release:] AndroidManifest.xml:58:22-78
156    <uses-permission android:name="com.qihoo360.launcher.permission.READ_SETTINGS" />
156-->[:lib.5plus.base-release:] AndroidManifest.xml:59:5-86
156-->[:lib.5plus.base-release:] AndroidManifest.xml:59:22-83
157    <uses-permission android:name="com.lge.launcher.permission.READ_SETTINGS" />
157-->[:lib.5plus.base-release:] AndroidManifest.xml:60:5-81
157-->[:lib.5plus.base-release:] AndroidManifest.xml:60:22-78
158    <uses-permission android:name="net.qihoo.launcher.permission.READ_SETTINGS" />
158-->[:lib.5plus.base-release:] AndroidManifest.xml:61:5-83
158-->[:lib.5plus.base-release:] AndroidManifest.xml:61:22-80
159    <uses-permission android:name="org.adwfreak.launcher.permission.READ_SETTINGS" />
159-->[:lib.5plus.base-release:] AndroidManifest.xml:62:5-86
159-->[:lib.5plus.base-release:] AndroidManifest.xml:62:22-83
160    <uses-permission android:name="org.adw.launcher_donut.permission.READ_SETTINGS" />
160-->[:lib.5plus.base-release:] AndroidManifest.xml:63:5-87
160-->[:lib.5plus.base-release:] AndroidManifest.xml:63:22-84
161    <uses-permission android:name="com.huawei.launcher3.permission.READ_SETTINGS" />
161-->[:lib.5plus.base-release:] AndroidManifest.xml:64:5-85
161-->[:lib.5plus.base-release:] AndroidManifest.xml:64:22-82
162    <uses-permission android:name="com.fede.launcher.permission.READ_SETTINGS" />
162-->[:lib.5plus.base-release:] AndroidManifest.xml:65:5-82
162-->[:lib.5plus.base-release:] AndroidManifest.xml:65:22-79
163    <uses-permission android:name="com.sec.android.app.twlauncher.settings.READ_SETTINGS" />
163-->[:lib.5plus.base-release:] AndroidManifest.xml:66:5-93
163-->[:lib.5plus.base-release:] AndroidManifest.xml:66:22-90
164    <uses-permission android:name="com.tencent.qqlauncher.permission.READ_SETTINGS" />
164-->[:lib.5plus.base-release:] AndroidManifest.xml:67:5-87
164-->[:lib.5plus.base-release:] AndroidManifest.xml:67:22-84
165    <uses-permission android:name="com.huawei.launcher2.permission.READ_SETTINGS" />
165-->[:lib.5plus.base-release:] AndroidManifest.xml:68:5-85
165-->[:lib.5plus.base-release:] AndroidManifest.xml:68:22-82
166    <uses-permission android:name="com.ebproductions.android.launcher.permission.READ_SETTINGS" />
166-->[:lib.5plus.base-release:] AndroidManifest.xml:69:5-99
166-->[:lib.5plus.base-release:] AndroidManifest.xml:69:22-96
167    <uses-permission android:name="com.nd.android.launcher.permission.READ_SETTINGS" />
167-->[:lib.5plus.base-release:] AndroidManifest.xml:70:5-88
167-->[:lib.5plus.base-release:] AndroidManifest.xml:70:22-85
168    <uses-permission android:name="com.yulong.android.launcher.permission.READ_SETTINGS" />
168-->[:lib.5plus.base-release:] AndroidManifest.xml:71:5-92
168-->[:lib.5plus.base-release:] AndroidManifest.xml:71:22-89
169    <uses-permission android:name="com.android.mylauncher.permission.READ_SETTINGS" />
169-->[:lib.5plus.base-release:] AndroidManifest.xml:72:5-87
169-->[:lib.5plus.base-release:] AndroidManifest.xml:72:22-84
170    <uses-permission android:name="com.ztemt.launcher.permission.READ_SETTINGS" />
170-->[:lib.5plus.base-release:] AndroidManifest.xml:73:5-83
170-->[:lib.5plus.base-release:] AndroidManifest.xml:73:22-80
171    <uses-permission android:name="cn.nubia.launcher.permission.READ_SETTINGS" />
171-->[:lib.5plus.base-release:] AndroidManifest.xml:74:5-82
171-->[:lib.5plus.base-release:] AndroidManifest.xml:74:22-79
172    <uses-permission android:name="com.gionee.amisystem.permission.READ_SHORTCUT" />
172-->[:lib.5plus.base-release:] AndroidManifest.xml:75:5-85
172-->[:lib.5plus.base-release:] AndroidManifest.xml:75:22-82
173    <uses-permission android:name="android.permission.READ_EXTERNAL_STORAGE" />
174    <uses-permission android:name="android.permission.READ_CALL_LOG" />
175    <uses-permission android:name="android.permission.WRITE_CALL_LOG" /> <!-- 小米分享 end -->
176    <application
176-->src/main/AndroidManifest.xml:126:5-516:19
177        android:name="io.dcloud.application.DCloudApplication"
177-->src/main/AndroidManifest.xml:127:9-63
178        android:allowBackup="true"
178-->src/main/AndroidManifest.xml:128:9-35
179        android:allowClearUserData="true"
179-->src/main/AndroidManifest.xml:129:9-42
180        android:debuggable="true"
181        android:icon="@drawable/icon"
181-->src/main/AndroidManifest.xml:130:9-38
182        android:label="@string/app_name"
182-->src/main/AndroidManifest.xml:131:9-41
183        android:largeHeap="true"
183-->src/main/AndroidManifest.xml:132:9-33
184        android:supportsRtl="true"
184-->src/main/AndroidManifest.xml:133:9-35
185        android:testOnly="true" >
186
187        <!-- Statistic(统计)-友盟统计 begin -->
188        <!-- 官方网站：http://www.umeng.com/analytics -->
189        <!-- meta-data节点android:name="UMENG_APPKEY"项中android:value值为友盟网站申请的APPKEY -->
190        <!-- meta-data节点android:name="UMENG_CHANNEL"项中android:value值为发行渠道标识，可任意取值，用于各种发行渠道效果统计 -->
191        <meta-data
191-->src/main/AndroidManifest.xml:140:9-142:64
192            android:name="dcloud_appkey"
192-->src/main/AndroidManifest.xml:141:13-41
193            android:value="2ec26c52ae1cf70bdbc498d530206c49" />
193-->src/main/AndroidManifest.xml:142:13-61
194        <meta-data
194-->src/main/AndroidManifest.xml:143:9-145:42
195            android:name="UMENG_CHANNEL"
195-->src/main/AndroidManifest.xml:144:13-41
196            android:value="googleplay" />
196-->src/main/AndroidManifest.xml:145:13-39
197        <!-- 友盟统计  配置  end -->
198
199
200        <!-- Maps(地图) begin -->
201        <!-- meta-data节点android:name="com.baidu.lbsapi.API_KEY"项中android:value值为百度地图应用的Appkey -->
202        <!--
203            <meta-data
204            android:name="com.baidu.lbsapi.API_KEY"
205            android:value="Z3erUvGIwBCBQdBl6CArCAGT">
206        </meta-data>
207
208        <service
209            android:name="com.baidu.location.f"
210            android:enabled="true"
211            android:process=":remote"></service>
212        -->
213        <!-- Maps(地图) end -->
214
215
216        <!-- Oauth 授权登陆 start -->
217        <!-- Oauth QQ start -->
218        <!-- QQ 分享 配置和授权登陆相同 -->
219        <meta-data
219-->src/main/AndroidManifest.xml:166:9-168:39
220            android:name="QQ_APPID"
220-->src/main/AndroidManifest.xml:167:13-36
221            android:value="%appid%" />
221-->src/main/AndroidManifest.xml:168:13-36
222
223        <activity
223-->src/main/AndroidManifest.xml:170:9-182:20
224            android:name="com.tencent.tauth.AuthActivity"
224-->src/main/AndroidManifest.xml:171:13-58
225            android:launchMode="singleTask"
225-->src/main/AndroidManifest.xml:172:13-44
226            android:noHistory="true" >
226-->src/main/AndroidManifest.xml:173:13-37
227            <intent-filter>
227-->src/main/AndroidManifest.xml:174:13-181:29
228                <action android:name="android.intent.action.VIEW" />
228-->src/main/AndroidManifest.xml:175:17-69
228-->src/main/AndroidManifest.xml:175:25-66
229
230                <category android:name="android.intent.category.DEFAULT" />
230-->src/main/AndroidManifest.xml:177:17-76
230-->src/main/AndroidManifest.xml:177:27-73
231                <category android:name="android.intent.category.BROWSABLE" />
231-->src/main/AndroidManifest.xml:178:17-78
231-->src/main/AndroidManifest.xml:178:27-75
232
233                <data android:scheme="%appid%" />
233-->src/main/AndroidManifest.xml:180:17-50
233-->src/main/AndroidManifest.xml:180:23-47
234            </intent-filter>
235        </activity>
236        <activity
236-->src/main/AndroidManifest.xml:183:9-186:75
237            android:name="com.tencent.connect.common.AssistActivity"
237-->src/main/AndroidManifest.xml:184:13-69
238            android:screenOrientation="portrait"
238-->src/main/AndroidManifest.xml:185:13-49
239            android:theme="@android:style/Theme.Translucent.NoTitleBar" />
239-->src/main/AndroidManifest.xml:186:13-72
240        <!-- Oauth QQ end -->
241
242
243        <!-- Oauth Sina start -->
244
245
246        <!-- Oauth Sina end -->
247        <!-- Oauth 授权登陆 end -->
248
249
250        <!-- Speech(语音识别)-讯飞语音 begin -->
251        <!-- 官方网站：http://open.voicecloud.cn/ -->
252        <!-- meta-data节点android:name="IFLY_APPKEY"项中android:value值为讯飞语音云网站申请的APPKEY，由于它是和libs目录下的jar包是绑定的，不要修改此值 -->
253        <meta-data
253-->src/main/AndroidManifest.xml:200:9-202:40
254            android:name="IFLY_APPKEY"
254-->src/main/AndroidManifest.xml:201:13-39
255            android:value="53feacdd" />
255-->src/main/AndroidManifest.xml:202:13-37
256        <!-- Speech(语音识别)-讯飞语音 end -->
257
258
259        <!-- Push(推送)-个推 begin -->
260        <!-- 官方网站：http://www.igetui.com/ -->
261        <!-- meta-data节点android:name="appid"项中android:value值为个推服务器上申请的APPID -->
262        <!-- meta-data节点android:name="appkey"项中android:value值为个推服务器上申请的APPKEY -->
263        <!-- meta-data节点android:name="appsecret"项中android:value值为个推服务器上申请的APPSECRET -->
264        <!-- 个推 aps配置  begin -->
265        <meta-data
265-->src/main/AndroidManifest.xml:212:9-214:54
266            android:name="PUSH_APPID"
266-->src/main/AndroidManifest.xml:213:13-38
267            android:value="UmGWY7dDjF9M5KfaEXmyb7" />
267-->src/main/AndroidManifest.xml:214:13-51
268        <meta-data
268-->src/main/AndroidManifest.xml:215:9-217:54
269            android:name="PUSH_APPKEY"
269-->src/main/AndroidManifest.xml:216:13-39
270            android:value="Vp9lOMVLfT7rqvFdTWBms9" />
270-->src/main/AndroidManifest.xml:217:13-51
271        <meta-data
271-->src/main/AndroidManifest.xml:218:9-220:54
272            android:name="PUSH_APPSECRET"
272-->src/main/AndroidManifest.xml:219:13-42
273            android:value="EobGmEC4T36FTyAHbeNgB7" />
273-->src/main/AndroidManifest.xml:220:13-51
274
275        <service
275-->src/main/AndroidManifest.xml:222:9-230:19
276            android:name="com.igexin.sdk.PushService"
276-->src/main/AndroidManifest.xml:223:13-54
277            android:exported="true"
277-->src/main/AndroidManifest.xml:224:13-36
278            android:label="NotificationCenter"
278-->src/main/AndroidManifest.xml:225:13-47
279            android:process=":pushservice" >
279-->src/main/AndroidManifest.xml:226:13-43
280            <intent-filter>
280-->src/main/AndroidManifest.xml:227:13-229:29
281                <action android:name="com.igexin.sdk.action.service.message" />
281-->src/main/AndroidManifest.xml:228:17-80
281-->src/main/AndroidManifest.xml:228:25-77
282            </intent-filter>
283        </service>
284
285        <receiver android:name="com.igexin.sdk.PushReceiver" >
285-->src/main/AndroidManifest.xml:232:9-242:20
285-->src/main/AndroidManifest.xml:232:19-61
286            <intent-filter>
286-->src/main/AndroidManifest.xml:233:13-241:29
287                <action android:name="android.intent.action.BOOT_COMPLETED" />
287-->src/main/AndroidManifest.xml:234:17-79
287-->src/main/AndroidManifest.xml:234:25-76
288                <action android:name="android.net.conn.CONNECTIVITY_CHANGE" />
288-->src/main/AndroidManifest.xml:235:17-79
288-->src/main/AndroidManifest.xml:235:25-76
289                <action android:name="android.intent.action.USER_PRESENT" />
289-->src/main/AndroidManifest.xml:236:17-77
289-->src/main/AndroidManifest.xml:236:25-74
290                <action android:name="com.igexin.sdk.action.refreshls" />
290-->src/main/AndroidManifest.xml:237:17-74
290-->src/main/AndroidManifest.xml:237:25-71
291                <action android:name="android.intent.action.MEDIA_MOUNTED" />
291-->src/main/AndroidManifest.xml:238:17-78
291-->src/main/AndroidManifest.xml:238:25-75
292                <action android:name="android.intent.action.ACTION_POWER_CONNECTED" />
292-->src/main/AndroidManifest.xml:239:17-87
292-->src/main/AndroidManifest.xml:239:25-84
293                <action android:name="android.intent.action.ACTION_POWER_DISCONNECTED" />
293-->src/main/AndroidManifest.xml:240:17-90
293-->src/main/AndroidManifest.xml:240:25-87
294            </intent-filter>
295        </receiver>
296
297        <activity
297-->src/main/AndroidManifest.xml:244:9-250:75
298            android:name="com.igexin.sdk.PushActivity"
298-->src/main/AndroidManifest.xml:245:13-55
299            android:excludeFromRecents="true"
299-->src/main/AndroidManifest.xml:246:13-46
300            android:exported="false"
300-->src/main/AndroidManifest.xml:247:13-37
301            android:process=":pushservice"
301-->src/main/AndroidManifest.xml:248:13-43
302            android:taskAffinity="com.igexin.sdk.PushActivityTask"
302-->src/main/AndroidManifest.xml:249:13-67
303            android:theme="@android:style/Theme.Translucent.NoTitleBar" />
303-->src/main/AndroidManifest.xml:250:13-72
304        <activity
304-->src/main/AndroidManifest.xml:251:9-257:75
305            android:name="com.igexin.sdk.GActivity"
305-->src/main/AndroidManifest.xml:252:13-52
306            android:excludeFromRecents="true"
306-->src/main/AndroidManifest.xml:253:13-46
307            android:exported="true"
307-->src/main/AndroidManifest.xml:254:13-36
308            android:process=":pushservice"
308-->src/main/AndroidManifest.xml:255:13-43
309            android:taskAffinity="com.igexin.sdk.PushActivityTask"
309-->src/main/AndroidManifest.xml:256:13-67
310            android:theme="@android:style/Theme.Translucent.NoTitleBar" />
310-->src/main/AndroidManifest.xml:257:13-72
311
312        <receiver android:name="io.dcloud.feature.apsGt.GTNotificationReceiver" >
312-->src/main/AndroidManifest.xml:259:9-267:20
312-->src/main/AndroidManifest.xml:259:19-80
313            <intent-filter>
313-->src/main/AndroidManifest.xml:260:13-266:29
314                <action android:name="android.intent.action.BOOT_COMPLETED" />